Added Component: Designator=C1(0603C)
Added Component: Designator=C2(1206C)
Added Component: Designator=C3(1206C)
Added Component: Designator=C4(0603C)
Added Component: Designator=C5(0603C)
Added Component: Designator=C6(0603C)
Added Component: Designator=C7(0805c)
Added Component: Designator=C8(0805c)
Added Component: Designator=C9(0805c)
Added Component: Designator=D1(SMA)
Added Component: Designator=MP2315S(MP2315_PCB)
Added Component: Designator=R1(0603R)
Added Component: Designator=R2(0603R)
Added Component: Designator=R3(0603R)
Added Component: Designator=R4(0603R)
Added Component: Designator=R5(0603R)
Added Component: Designator=R6(0603R)
Added Component: Designator=R7(0603R)
Added Net: Name=+5V
Added Net: Name=+12V
Added Net: Name=GND
Added Net: Name=NetC4_1
Added Net: Name=NetC5_1
Added Net: Name=NetC5_2
Added Net: Name=NetC6_1
Added Net: Name=NetMP2315S_1
Added Net: Name=NetMP2315S_5
Added Net: Name=NetMP2315S_6
Added Net: Name=NetMP2315S_8
Added Class: Name=Sheet1
Added Room: Name=Sheet1
